0 info it worked if it ends with ok
1 verbose cli [ 'node',
1 verbose cli   'C:\\Program Files\\nodejs\\node_modules\\npm\\bin\\npm-cli.js',
1 verbose cli   'install',
1 verbose cli   '--save',
1 verbose cli   'var',
1 verbose cli   'concat',
1 verbose cli   '=',
1 verbose cli   'require(\'gulp-concat\');' ]
2 info using npm@1.4.28
3 info using node@v0.10.32
4 warn package.json gdo@1.0.0 No description
5 warn package.json gdo@1.0.0 No repository field.
6 warn package.json gdo@1.0.0 No README data
7 verbose readDependencies using package.json deps
8 verbose cache add [ 'var', null ]
9 verbose cache add name=undefined spec="var" args=["var",null]
10 verbose parsed url { protocol: null,
10 verbose parsed url   slashes: null,
10 verbose parsed url   auth: null,
10 verbose parsed url   host: null,
10 verbose parsed url   port: null,
10 verbose parsed url   hostname: null,
10 verbose parsed url   hash: null,
10 verbose parsed url   search: null,
10 verbose parsed url   query: null,
10 verbose parsed url   pathname: 'var',
10 verbose parsed url   path: 'var',
10 verbose parsed url   href: 'var' }
11 verbose cache add [ 'concat', null ]
12 verbose cache add name=undefined spec="concat" args=["concat",null]
13 verbose parsed url { protocol: null,
13 verbose parsed url   slashes: null,
13 verbose parsed url   auth: null,
13 verbose parsed url   host: null,
13 verbose parsed url   port: null,
13 verbose parsed url   hostname: null,
13 verbose parsed url   hash: null,
13 verbose parsed url   search: null,
13 verbose parsed url   query: null,
13 verbose parsed url   pathname: 'concat',
13 verbose parsed url   path: 'concat',
13 verbose parsed url   href: 'concat' }
14 verbose cache add [ '=', null ]
15 verbose cache add name=undefined spec="=" args=["=",null]
16 verbose parsed url { protocol: null,
16 verbose parsed url   slashes: null,
16 verbose parsed url   auth: null,
16 verbose parsed url   host: null,
16 verbose parsed url   port: null,
16 verbose parsed url   hostname: null,
16 verbose parsed url   hash: null,
16 verbose parsed url   search: null,
16 verbose parsed url   query: null,
16 verbose parsed url   pathname: '=',
16 verbose parsed url   path: '=',
16 verbose parsed url   href: '=' }
17 verbose cache add [ 'require(\'gulp-concat\');', null ]
18 verbose cache add name=undefined spec="require('gulp-concat');" args=["require('gulp-concat');",null]
19 verbose parsed url { protocol: null,
19 verbose parsed url   slashes: null,
19 verbose parsed url   auth: null,
19 verbose parsed url   host: null,
19 verbose parsed url   port: null,
19 verbose parsed url   hostname: null,
19 verbose parsed url   hash: null,
19 verbose parsed url   search: null,
19 verbose parsed url   query: null,
19 verbose parsed url   pathname: 'require(%27gulp-concat%27);',
19 verbose parsed url   path: 'require(%27gulp-concat%27);',
19 verbose parsed url   href: 'require(%27gulp-concat%27);' }
20 silly lockFile e5b4e786-var var
21 verbose lock var C:\Users\Max\AppData\Roaming\npm-cache\e5b4e786-var.lock
22 silly lockFile 49ba358c-concat concat
23 verbose lock concat C:\Users\Max\AppData\Roaming\npm-cache\49ba358c-concat.lock
24 silly lockFile 21606782- =
25 verbose lock = C:\Users\Max\AppData\Roaming\npm-cache\21606782-.lock
26 silly lockFile d518b972-require-gulp-concat require('gulp-concat');
27 verbose lock require('gulp-concat'); C:\Users\Max\AppData\Roaming\npm-cache\d518b972-require-gulp-concat.lock
28 silly lockFile e5b4e786-var var
29 silly lockFile e5b4e786-var var
30 silly lockFile 49ba358c-concat concat
31 silly lockFile 49ba358c-concat concat
32 silly lockFile 21606782- =
33 silly lockFile 21606782- =
34 silly lockFile d518b972-require-gulp-concat require('gulp-concat');
35 silly lockFile d518b972-require-gulp-concat require('gulp-concat');
36 verbose addNamed [ 'var', '' ]
37 verbose addNamed [ null, '*' ]
38 silly lockFile 9c55b5b1-var var@
39 verbose lock var@ C:\Users\Max\AppData\Roaming\npm-cache\9c55b5b1-var.lock
40 verbose addNamed [ 'concat', '' ]
41 verbose addNamed [ null, '*' ]
42 silly lockFile d2d0ad90-concat concat@
43 verbose lock concat@ C:\Users\Max\AppData\Roaming\npm-cache\d2d0ad90-concat.lock
44 verbose addNamed [ '=', '' ]
45 verbose addNamed [ null, '*' ]
46 silly lockFile 07df0fbf- =@
47 verbose lock =@ C:\Users\Max\AppData\Roaming\npm-cache\07df0fbf-.lock
48 verbose addNamed [ 'require(\'gulp-concat\');', '' ]
49 verbose addNamed [ null, '*' ]
50 silly lockFile e76573aa-require-gulp-concat require('gulp-concat');@
51 verbose lock require('gulp-concat');@ C:\Users\Max\AppData\Roaming\npm-cache\e76573aa-require-gulp-concat.lock
52 silly addNameRange { name: 'var', range: '*', hasData: false }
53 silly addNameRange { name: 'concat', range: '*', hasData: false }
54 silly addNameRange { name: '=', range: '*', hasData: false }
55 silly addNameRange { name: 'require(\'gulp-concat\');', range: '*', hasData: false }
56 verbose request where is /require(%27gulp-concat%27);
57 verbose request registry https://registry.npmjs.org/
58 verbose request id ece5260e6db2bb10
59 verbose url raw /require(%27gulp-concat%27);
60 verbose url resolving [ 'https://registry.npmjs.org/',
60 verbose url resolving   './require(%2527gulp-concat%2527)%3B' ]
61 verbose url resolved https://registry.npmjs.org/require(%2527gulp-concat%2527)%3B
62 verbose request where is https://registry.npmjs.org/require(%2527gulp-concat%2527)%3B
63 info trying registry request attempt 1 at 22:07:29
64 http GET https://registry.npmjs.org/require(%2527gulp-concat%2527)%3B
65 verbose registry.get https://registry.npmjs.org/var not expired, no request
66 silly addNameRange number 2 { name: 'var', range: '*', hasData: true }
67 silly addNameRange versions [ 'var',
67 silly addNameRange   [ '0.0.1',
67 silly addNameRange     '0.0.2',
67 silly addNameRange     '0.0.3',
67 silly addNameRange     '0.0.4',
67 silly addNameRange     '0.0.5',
67 silly addNameRange     '0.0.6',
67 silly addNameRange     '0.0.7',
67 silly addNameRange     '0.0.8',
67 silly addNameRange     '0.1.0',
67 silly addNameRange     '0.1.1',
67 silly addNameRange     '0.1.2',
67 silly addNameRange     '0.1.3',
67 silly addNameRange     '0.2.0' ] ]
68 verbose addNamed [ 'var', '0.2.0' ]
69 verbose addNamed [ '0.2.0', '0.2.0' ]
70 silly lockFile a0e56dd4-var-0-2-0 var@0.2.0
71 verbose lock var@0.2.0 C:\Users\Max\AppData\Roaming\npm-cache\a0e56dd4-var-0-2-0.lock
72 verbose registry.get https://registry.npmjs.org/concat not expired, no request
73 silly addNameRange number 2 { name: 'concat', range: '*', hasData: true }
74 silly addNameRange versions [ 'concat',
74 silly addNameRange   [ '2.0.0',
74 silly addNameRange     '0.0.1-security',
74 silly addNameRange     '0.0.0',
74 silly addNameRange     '0.0.1',
74 silly addNameRange     '0.0.2',
74 silly addNameRange     '0.0.3',
74 silly addNameRange     '0.0.4',
74 silly addNameRange     '0.0.5',
74 silly addNameRange     '0.0.6',
74 silly addNameRange     '0.0.7',
74 silly addNameRange     '0.0.8',
74 silly addNameRange     '0.0.9',
74 silly addNameRange     '0.2.0',
74 silly addNameRange     '0.2.1',
74 silly addNameRange     '0.2.2',
74 silly addNameRange     '0.2.3',
74 silly addNameRange     '0.2.4',
74 silly addNameRange     '1.0.0',
74 silly addNameRange     '3.0.0',
74 silly addNameRange     '1.0.2',
74 silly addNameRange     '1.0.3' ] ]
75 verbose addNamed [ 'concat', '1.0.3' ]
76 verbose addNamed [ '1.0.3', '1.0.3' ]
77 silly lockFile 00ef5be2-concat-1-0-3 concat@1.0.3
78 verbose lock concat@1.0.3 C:\Users\Max\AppData\Roaming\npm-cache\00ef5be2-concat-1-0-3.lock
79 verbose registry.get https://registry.npmjs.org/= not expired, no request
80 silly addNameRange number 2 { name: '=', range: '*', hasData: true }
81 silly addNameRange versions [ undefined, [] ]
82 error TypeError: Cannot read property 'latest' of undefined
82 error     at next (C:\Program Files\nodejs\node_modules\npm\lib\cache\add-named.js:219:35)
82 error     at C:\Program Files\nodejs\node_modules\npm\lib\cache\add-named.js:207:5
82 error     at RegClient.get_ (C:\Program Files\nodejs\node_modules\npm\node_modules\npm-registry-client\lib\get.js:130:14)
82 error     at RegClient.<anonymous> (C:\Program Files\nodejs\node_modules\npm\node_modules\npm-registry-client\lib\get.js:49:12)
82 error     at evalmachine.<anonymous>:271:14
82 error     at C:\Program Files\nodejs\node_modules\npm\node_modules\graceful-fs\graceful-fs.js:102:5
82 error     at Object.oncomplete (evalmachine.<anonymous>:107:15)
83 error If you need help, you may report this *entire* log,
83 error including the npm and node versions, at:
83 error     <http://github.com/npm/npm/issues>
84 error System Windows_NT 6.2.9200
85 error command "node" "C:\\Program Files\\nodejs\\node_modules\\npm\\bin\\npm-cli.js" "install" "--save" "var" "concat" "=" "require('gulp-concat');"
86 error cwd C:\proj\!trying\Geometry
87 error node -v v0.10.32
88 error npm -v 1.4.28
89 error type non_object_property_load
90 verbose exit [ 1, true ]
